Running: D:\ISE\14.7\ISE_DS\ISE\bin\nt\unwrapped\fuse.exe -intstyle ise -incremental -lib unisims_ver -lib unimacro_ver -lib xilinxcorelib_ver -lib secureip -o D:/00a/CA/CA_Exp/CA_Exp08/sim_cache_isim_beh.exe -prj D:/00a/CA/CA_Exp/CA_Exp08/sim_cache_beh.prj work.sim_cache work.glbl 
ISim P.20131013 (signature 0x8ef4fb42)
Number of CPUs detected in this system: 4
Turning on mult-threading, number of parallel sub-compilation jobs: 8 
Determining compilation order of HDL files
Analyzing Verilog file "D:/00a/CA/CA_Exp/CA_Exp08/cache.v" into library work
Analyzing Verilog file "D:/00a/CA/CA_Exp/CA_Exp08/sim_cache.v" into library work
Analyzing Verilog file "D:/ISE/14.7/ISE_DS/ISE//verilog/src/glbl.v" into library work
Starting static elaboration
Completed static elaboration
Fuse Memory Usage: 159792 KB
Fuse CPU Usage: 1499 ms
Compiling module cache
Compiling module sim_cache
Compiling module glbl
Time Resolution for simulation is 1ps.
Waiting for 1 sub-compilation(s) to finish...
Compiled 3 Verilog Units
Built simulation executable D:/00a/CA/CA_Exp/CA_Exp08/sim_cache_isim_beh.exe
Fuse Memory Usage: 166292 KB
Fuse CPU Usage: 1733 ms
