Release 14.7 - xst P.20131013 (nt)
Copyright (c) 1995-2013 Xilinx, Inc.  All rights reserved.
--> Parameter TMPDIR set to xst/projnav.tmp


Total REAL time to Xst completion: 0.00 secs
Total CPU time to Xst completion: 0.58 secs
 
--> Parameter xsthdpdir set to xst


Total REAL time to Xst completion: 0.00 secs
Total CPU time to Xst completion: 0.58 secs
 
--> Reading design: mips_top.prj

TABLE OF CONTENTS
  1) Synthesis Options Summary
  2) HDL Parsing
  3) HDL Elaboration
  4) HDL Synthesis
       4.1) HDL Synthesis Report
  5) Advanced HDL Synthesis
       5.1) Advanced HDL Synthesis Report
  6) Low Level Synthesis
  7) Partition Report
  8) Design Summary
       8.1) Primitive and Black Box Usage
       8.2) Device utilization summary
       8.3) Partition Resource Summary
       8.4) Timing Report
            8.4.1) Clock Information
            8.4.2) Asynchronous Control Signals Information
            8.4.3) Timing Summary
            8.4.4) Timing Details
            8.4.5) Cross Clock Domains Report


=========================================================================
*                      Synthesis Options Summary                        *
=========================================================================
---- Source Parameters
Input File Name                    : "mips_top.prj"
Ignore Synthesis Constraint File   : NO

---- Target Parameters
Output File Name                   : "mips_top"
Output Format                      : NGC
Target Device                      : xc7k325t-2L-fbg676

---- Source Options
Top Module Name                    : mips_top
Automatic FSM Extraction           : YES
FSM Encoding Algorithm             : Auto
Safe Implementation                : No
FSM Style                          : LUT
RAM Extraction                     : Yes
RAM Style                          : Auto
ROM Extraction                     : Yes
Shift Register Extraction          : YES
ROM Style                          : Auto
Resource Sharing                   : YES
Asynchronous To Synchronous        : NO
Shift Register Minimum Size        : 2
Use DSP Block                      : Auto
Automatic Register Balancing       : No

---- Target Options
LUT Combining                      : Auto
Reduce Control Sets                : Auto
Add IO Buffers                     : YES
Global Maximum Fanout              : 100000
Add Generic Clock Buffer(BUFG)     : 32
Register Duplication               : YES
Optimize Instantiated Primitives   : NO
Use Clock Enable                   : Auto
Use Synchronous Set                : Auto
Use Synchronous Reset              : Auto
Pack IO Registers into IOBs        : Auto
Equivalent register Removal        : YES

---- General Options
Optimization Goal                  : Speed
Optimization Effort                : 1
Power Reduction                    : NO
Keep Hierarchy                     : No
Netlist Hierarchy                  : As_Optimized
RTL Output                         : Yes
Global Optimization                : AllClockNets
Read Cores                         : YES
Write Timing Constraints           : NO
Cross Clock Analysis               : NO
Hierarchy Separator                : /
Bus Delimiter                      : <>
Case Specifier                     : Maintain
Slice Utilization Ratio            : 100
BRAM Utilization Ratio             : 100
DSP48 Utilization Ratio            : 100
Auto BRAM Packing                  : NO
Slice Utilization Ratio Delta      : 5

=========================================================================


=========================================================================
*                          HDL Parsing                                  *
=========================================================================
Analyzing Verilog file "D:\00a\CA\CA_Exp\CA_Exp02\regfile.v" into library work
Parsing verilog file "define.vh" included at line 1.
Parsing module <regfile>.
Analyzing Verilog file "D:\00a\CA\CA_Exp\CA_Exp02\alu.v" into library work
Parsing verilog file "define.vh" included at line 1.
Parsing module <alu>.
Parsing verilog file "mips_define.vh" included at line 14.
Analyzing Verilog file "D:\00a\CA\CA_Exp\CA_Exp02\datapath.v" into library work
Parsing verilog file "define.vh" included at line 1.
Parsing module <datapath>.
Parsing verilog file "mips_define.vh" included at line 63.
ERROR:HDLCompiler:806 - "D:\00a\CA\CA_Exp\CA_Exp02\datapath.v" Line 194: Syntax error near "?".
ERROR:HDLCompiler:806 - "D:\00a\CA\CA_Exp\CA_Exp02\datapath.v" Line 195: Syntax error near "?".
ERROR:HDLCompiler:806 - "D:\00a\CA\CA_Exp\CA_Exp02\datapath.v" Line 196: Syntax error near "?".
WARNING:HDLCompiler:1563 - "D:\00a\CA\CA_Exp\CA_Exp02\datapath.v" Line 196: Empty item in case item list violates IEEE 1364 syntax
WARNING:HDLCompiler:1563 - "D:\00a\CA\CA_Exp\CA_Exp02\datapath.v" Line 203: Empty item in case item list violates IEEE 1364 syntax
ERROR:HDLCompiler:806 - "D:\00a\CA\CA_Exp\CA_Exp02\datapath.v" Line 266: Syntax error near "?".
ERROR:HDLCompiler:806 - "D:\00a\CA\CA_Exp\CA_Exp02\datapath.v" Line 267: Syntax error near "?".
ERROR:HDLCompiler:806 - "D:\00a\CA\CA_Exp\CA_Exp02\datapath.v" Line 268: Syntax error near "?".
ERROR:HDLCompiler:806 - "D:\00a\CA\CA_Exp\CA_Exp02\datapath.v" Line 271: Syntax error near "?".
ERROR:HDLCompiler:806 - "D:\00a\CA\CA_Exp\CA_Exp02\datapath.v" Line 272: Syntax error near "?".
ERROR:HDLCompiler:806 - "D:\00a\CA\CA_Exp\CA_Exp02\datapath.v" Line 273: Syntax error near "?".
ERROR:HDLCompiler:806 - "D:\00a\CA\CA_Exp\CA_Exp02\datapath.v" Line 274: Syntax error near "?".
WARNING:HDLCompiler:1563 - "D:\00a\CA\CA_Exp\CA_Exp02\datapath.v" Line 274: Empty item in case item list violates IEEE 1364 syntax
ERROR:HDLCompiler:806 - "D:\00a\CA\CA_Exp\CA_Exp02\datapath.v" Line 327: Syntax error near "?".
ERROR:HDLCompiler:806 - "D:\00a\CA\CA_Exp\CA_Exp02\datapath.v" Line 328: Syntax error near "?".
ERROR:HDLCompiler:806 - "D:\00a\CA\CA_Exp\CA_Exp02\datapath.v" Line 329: Syntax error near "?".
ERROR:HDLCompiler:806 - "D:\00a\CA\CA_Exp\CA_Exp02\datapath.v" Line 330: Syntax error near "?".
ERROR:HDLCompiler:806 - "D:\00a\CA\CA_Exp\CA_Exp02\datapath.v" Line 364: Syntax error near "?".
ERROR:HDLCompiler:806 - "D:\00a\CA\CA_Exp\CA_Exp02\datapath.v" Line 365: Syntax error near "?".
Verilog file D:\00a\CA\CA_Exp\CA_Exp02\datapath.v ignored due to errors
--> 

Total memory usage is 238720 kilobytes

Number of errors   :   16 (   0 filtered)
Number of warnings :    3 (   0 filtered)
Number of infos    :    0 (   0 filtered)

