Running: D:\Xilinx\14.7\ISE_DS\ISE\bin\nt64\unwrapped\fuse.exe -intstyle ise -incremental -lib unisims_ver -lib unimacro_ver -lib xilinxcorelib_ver -lib secureip -o D:/AAuniversityTasks/CSComputerArch/TRUECourse/chap7Exp/work/sim_mips_isim_beh.exe -prj D:/AAuniversityTasks/CSComputerArch/TRUECourse/chap7Exp/work/sim_mips_beh.prj work.sim_mips work.glbl 
ISim P.20131013 (signature 0x7708f090)
Number of CPUs detected in this system: 12
Turning on mult-threading, number of parallel sub-compilation jobs: 24 
Determining compilation order of HDL files
Analyzing Verilog file "D:/AAuniversityTasks/CSComputerArch/TRUECourse/chap7Exp/work/regfile.v" into library work
Analyzing Verilog file "D:/AAuniversityTasks/CSComputerArch/TRUECourse/chap7Exp/work/alu.v" into library work
Analyzing Verilog file "D:/AAuniversityTasks/CSComputerArch/TRUECourse/chap7Exp/work/datapath.v" into library work
Analyzing Verilog file "D:/AAuniversityTasks/CSComputerArch/TRUECourse/chap7Exp/work/cp0.v" into library work
Analyzing Verilog file "D:/AAuniversityTasks/CSComputerArch/TRUECourse/chap7Exp/work/controller.v" into library work
Analyzing Verilog file "D:/AAuniversityTasks/CSComputerArch/TRUECourse/chap7Exp/work/mips_core.v" into library work
Analyzing Verilog file "D:/AAuniversityTasks/CSComputerArch/TRUECourse/chap7Exp/work/inst_rom.v" into library work
Analyzing Verilog file "D:/AAuniversityTasks/CSComputerArch/TRUECourse/chap7Exp/work/data_ram.v" into library work
Analyzing Verilog file "D:/AAuniversityTasks/CSComputerArch/TRUECourse/chap7Exp/work/mips.v" into library work
Analyzing Verilog file "D:/AAuniversityTasks/CSComputerArch/TRUECourse/chap7Exp/work/sim_mips.v" into library work
Analyzing Verilog file "D:/Xilinx/14.7/ISE_DS/ISE//verilog/src/glbl.v" into library work
Starting static elaboration
WARNING:HDLCompiler:1016 - "D:/AAuniversityTasks/CSComputerArch/TRUECourse/chap7Exp/work/sim_mips.v" Line 18: Port ir is not connected to this instance
Completed static elaboration
Compiling module controller
Compiling module regfile
Compiling module alu
Compiling module datapath
Compiling module cp0
Compiling module mips_core
Compiling module inst_rom
Compiling module data_ram
Compiling module mips
Compiling module sim_mips
Compiling module glbl
Time Resolution for simulation is 1ps.
Compiled 11 Verilog Units
Built simulation executable D:/AAuniversityTasks/CSComputerArch/TRUECourse/chap7Exp/work/sim_mips_isim_beh.exe
Fuse Memory Usage: 29912 KB
Fuse CPU Usage: 1139 ms
